TN:
SF:src/__tests__/mocks/handlers.ts
FN:56,(anonymous_0)
FN:59,(anonymous_1)
FN:62,(anonymous_2)
FN:65,(anonymous_3)
FN:68,(anonymous_4)
FN:71,(anonymous_5)
FN:74,(anonymous_6)
FN:78,(anonymous_7)
FN:81,(anonymous_8)
FN:84,(anonymous_9)
FN:87,(anonymous_10)
FN:90,(anonymous_11)
FN:93,(anonymous_12)
FN:96,(anonymous_13)
FN:99,(anonymous_14)
FN:105,(anonymous_15)
FN:108,(anonymous_16)
FN:111,(anonymous_17)
FN:114,(anonymous_18)
FN:118,(anonymous_19)
FN:121,(anonymous_20)
FN:124,(anonymous_21)
FN:127,(anonymous_22)
FN:131,(anonymous_23)
FN:134,(anonymous_24)
FN:137,(anonymous_25)
FN:140,(anonymous_26)
FN:143,(anonymous_27)
FN:147,(anonymous_28)
FN:150,(anonymous_29)
FNF:30
FNH:2
FNDA:0,(anonymous_0)
FNDA:1,(anonymous_1)
FNDA:0,(anonymous_2)
FNDA:1,(anonymous_3)
FNDA:0,(anonymous_4)
FNDA:0,(anonymous_5)
FNDA:0,(anonymous_6)
FNDA:0,(anonymous_7)
FNDA:0,(anonymous_8)
FNDA:0,(anonymous_9)
FNDA:0,(anonymous_10)
FNDA:0,(anonymous_11)
FNDA:0,(anonymous_12)
FNDA:0,(anonymous_13)
FNDA:0,(anonymous_14)
FNDA:0,(anonymous_15)
FNDA:0,(anonymous_16)
FNDA:0,(anonymous_17)
FNDA:0,(anonymous_18)
FNDA:0,(anonymous_19)
FNDA:0,(anonymous_20)
FNDA:0,(anonymous_21)
FNDA:0,(anonymous_22)
FNDA:0,(anonymous_23)
FNDA:0,(anonymous_24)
FNDA:0,(anonymous_25)
FNDA:0,(anonymous_26)
FNDA:0,(anonymous_27)
FNDA:0,(anonymous_28)
FNDA:0,(anonymous_29)
DA:4,5
DA:11,5
DA:18,5
DA:28,5
DA:38,5
DA:47,5
DA:55,5
DA:57,0
DA:60,1
DA:63,0
DA:66,1
DA:69,0
DA:72,0
DA:75,0
DA:79,0
DA:82,0
DA:85,0
DA:88,0
DA:91,0
DA:94,0
DA:97,0
DA:100,0
DA:106,0
DA:109,0
DA:112,0
DA:115,0
DA:119,0
DA:122,0
DA:125,0
DA:128,0
DA:132,0
DA:135,0
DA:138,0
DA:141,0
DA:144,0
DA:148,0
DA:151,0
LF:37
LH:9
BRF:0
BRH:0
end_of_record
TN:
SF:src/__tests__/mocks/server.ts
FNF:0
FNH:0
DA:4,5
LF:1
LH:1
BRF:0
BRH:0
end_of_record
TN:
SF:src/lib/api.ts
FN:3,uploadFile
FN:13,(anonymous_1)
FN:24,(anonymous_2)
FN:30,(anonymous_3)
FN:36,(anonymous_4)
FN:37,(anonymous_5)
FN:38,(anonymous_6)
FN:42,tryRefresh
FN:46,(anonymous_8)
FN:65,req
FN:82,(anonymous_10)
FN:89,(anonymous_11)
FN:93,(anonymous_12)
FN:96,(anonymous_13)
FN:99,(anonymous_14)
FN:102,(anonymous_15)
FN:103,(anonymous_16)
FN:104,(anonymous_17)
FN:105,(anonymous_18)
FN:108,(anonymous_19)
FN:111,(anonymous_20)
FN:114,(anonymous_21)
FN:128,(anonymous_22)
FN:129,(anonymous_23)
FN:130,(anonymous_24)
FN:131,(anonymous_25)
FN:133,(anonymous_26)
FN:134,(anonymous_27)
FN:135,(anonymous_28)
FN:136,(anonymous_29)
FN:137,(anonymous_30)
FN:143,(anonymous_31)
FN:145,(anonymous_32)
FN:147,(anonymous_33)
FN:149,(anonymous_34)
FN:151,(anonymous_35)
FN:153,(anonymous_36)
FN:155,(anonymous_37)
FN:156,(anonymous_38)
FN:158,(anonymous_39)
FN:160,(anonymous_40)
FN:162,(anonymous_41)
FN:168,(anonymous_42)
FN:169,(anonymous_43)
FN:170,(anonymous_44)
FN:176,(anonymous_45)
FN:178,(anonymous_46)
FN:180,(anonymous_47)
FN:186,(anonymous_48)
FN:187,(anonymous_49)
FN:188,(anonymous_50)
FN:189,(anonymous_51)
FN:194,(anonymous_52)
FN:195,(anonymous_53)
FN:196,(anonymous_54)
FN:197,(anonymous_55)
FN:198,(anonymous_56)
FN:199,(anonymous_57)
FNF:58
FNH:10
FNDA:0,uploadFile
FNDA:0,(anonymous_1)
FNDA:5,(anonymous_2)
FNDA:4,(anonymous_3)
FNDA:1,(anonymous_4)
FNDA:0,(anonymous_5)
FNDA:2,(anonymous_6)
FNDA:1,tryRefresh
FNDA:0,(anonymous_8)
FNDA:3,req
FNDA:0,(anonymous_10)
FNDA:3,(anonymous_11)
FNDA:1,(anonymous_12)
FNDA:2,(anonymous_13)
FNDA:0,(anonymous_14)
FNDA:0,(anonymous_15)
FNDA:0,(anonymous_16)
FNDA:0,(anonymous_17)
FNDA:0,(anonymous_18)
FNDA:0,(anonymous_19)
FNDA:0,(anonymous_20)
FNDA:2,(anonymous_21)
FNDA:0,(anonymous_22)
FNDA:0,(anonymous_23)
FNDA:0,(anonymous_24)
FNDA:0,(anonymous_25)
FNDA:0,(anonymous_26)
FNDA:0,(anonymous_27)
FNDA:0,(anonymous_28)
FNDA:0,(anonymous_29)
FNDA:0,(anonymous_30)
FNDA:0,(anonymous_31)
FNDA:0,(anonymous_32)
FNDA:0,(anonymous_33)
FNDA:0,(anonymous_34)
FNDA:0,(anonymous_35)
FNDA:0,(anonymous_36)
FNDA:0,(anonymous_37)
FNDA:0,(anonymous_38)
FNDA:0,(anonymous_39)
FNDA:0,(anonymous_40)
FNDA:0,(anonymous_41)
FNDA:0,(anonymous_42)
FNDA:0,(anonymous_43)
FNDA:0,(anonymous_44)
FNDA:0,(anonymous_45)
FNDA:0,(anonymous_46)
FNDA:0,(anonymous_47)
FNDA:0,(anonymous_48)
FNDA:0,(anonymous_49)
FNDA:0,(anonymous_50)
FNDA:0,(anonymous_51)
FNDA:0,(anonymous_52)
FNDA:0,(anonymous_53)
FNDA:0,(anonymous_54)
FNDA:0,(anonymous_55)
FNDA:0,(anonymous_56)
FNDA:0,(anonymous_57)
DA:4,0
DA:5,0
DA:6,0
DA:8,0
DA:9,0
DA:11,0
DA:12,0
DA:13,0
DA:14,0
DA:16,0
DA:20,3
DA:21,3
DA:22,3
DA:24,3
DA:25,5
DA:26,5
DA:27,5
DA:30,3
DA:31,4
DA:32,4
DA:33,4
DA:36,3
DA:37,3
DA:38,3
DA:40,3
DA:43,1
DA:44,0
DA:46,0
DA:47,0
DA:48,0
DA:53,0
DA:54,0
DA:55,0
DA:56,0
DA:58,0
DA:62,0
DA:66,3
DA:67,3
DA:68,3
DA:70,3
DA:72,3
DA:73,1
DA:74,1
DA:75,0
DA:76,0
DA:80,3
DA:81,3
DA:82,2
DA:83,2
DA:84,2
DA:86,1
DA:89,3
DA:92,3
DA:94,1
DA:97,2
DA:100,0
DA:102,0
DA:103,0
DA:104,0
DA:106,0
DA:109,0
DA:112,0
DA:115,2
DA:116,2
DA:121,2
DA:122,1
DA:127,3
DA:128,0
DA:129,0
DA:130,0
DA:132,0
DA:133,0
DA:134,0
DA:135,0
DA:136,0
DA:138,0
DA:139,0
DA:140,0
DA:141,0
DA:144,0
DA:146,0
DA:148,0
DA:150,0
DA:152,0
DA:154,0
DA:155,0
DA:157,0
DA:159,0
DA:161,0
DA:163,0
DA:167,3
DA:168,0
DA:169,0
DA:171,0
DA:172,0
DA:173,0
DA:174,0
DA:177,0
DA:179,0
DA:181,0
DA:185,3
DA:186,0
DA:187,0
DA:188,0
DA:189,0
DA:193,3
DA:194,0
DA:195,0
DA:196,0
DA:197,0
DA:198,0
DA:199,0
LF:112
LH:41
BRDA:6,0,0,0
BRDA:6,0,1,0
BRDA:9,1,0,0
BRDA:9,1,1,0
BRDA:12,2,0,0
BRDA:12,2,1,0
BRDA:14,3,0,0
BRDA:14,3,1,0
BRDA:43,4,0,1
BRDA:43,4,1,0
BRDA:44,5,0,0
BRDA:44,5,1,0
BRDA:53,6,0,0
BRDA:53,6,1,0
BRDA:65,7,0,3
BRDA:68,8,0,0
BRDA:68,8,1,3
BRDA:72,9,0,1
BRDA:72,9,1,2
BRDA:74,10,0,0
BRDA:74,10,1,1
BRDA:80,11,0,0
BRDA:80,11,1,3
BRDA:81,12,0,2
BRDA:81,12,1,1
BRDA:83,13,0,2
BRDA:83,13,1,0
BRDA:83,13,2,0
BRDA:115,14,0,0
BRDA:115,14,1,2
BRDA:121,15,0,1
BRDA:121,15,1,1
BRDA:128,16,0,0
BRDA:128,17,0,0
BRDA:128,17,1,0
BRDA:139,18,0,0
BRDA:139,18,1,0
BRDA:140,19,0,0
BRDA:140,19,1,0
BRDA:144,20,0,0
BRDA:144,20,1,0
BRDA:172,21,0,0
BRDA:172,21,1,0
BRDA:173,22,0,0
BRDA:173,22,1,0
BRDA:177,23,0,0
BRDA:177,23,1,0
BRDA:196,24,0,0
BRDA:196,24,1,0
BRF:49
BRH:13
end_of_record
TN:
SF:src/store/auth.ts
FN:11,(anonymous_0)
FN:14,(anonymous_1)
FN:18,(anonymous_2)
FNF:3
FNH:3
FNDA:2,(anonymous_0)
FNDA:3,(anonymous_1)
FNDA:1,(anonymous_2)
DA:11,2
DA:12,2
DA:15,3
DA:16,3
DA:19,1
DA:20,1
DA:23,2
DA:24,2
LF:8
LH:8
BRF:0
BRH:0
end_of_record
TN:
SF:src/store/presence.ts
FN:10,(anonymous_0)
FN:12,(anonymous_1)
FN:13,(anonymous_2)
FN:14,(anonymous_3)
FNF:4
FNH:4
FNDA:1,(anonymous_0)
FNDA:3,(anonymous_1)
FNDA:3,(anonymous_2)
FNDA:1,(anonymous_3)
DA:10,1
DA:13,3
DA:14,1
LF:3
LH:3
BRF:0
BRH:0
end_of_record
TN:
SF:src/store/unread.ts
FN:9,(anonymous_0)
FN:11,(anonymous_1)
FN:11,(anonymous_2)
FN:12,(anonymous_3)
FN:12,(anonymous_4)
FNF:5
FNH:5
FNDA:1,(anonymous_0)
FNDA:3,(anonymous_1)
FNDA:3,(anonymous_2)
FNDA:2,(anonymous_3)
FNDA:2,(anonymous_4)
DA:9,1
DA:11,3
DA:12,2
DA:13,2
DA:14,1
DA:15,1
DA:16,1
LF:7
LH:7
BRDA:11,0,0,3
BRDA:11,0,1,2
BRDA:13,1,0,1
BRDA:13,1,1,1
BRF:4
BRH:4
end_of_record
TN:
SF:src/views/Auth.tsx
FN:7,Auth
FN:17,(anonymous_1)
FN:19,(anonymous_2)
FN:32,reset
FN:34,submit
FN:89,(anonymous_5)
FN:99,(anonymous_6)
FN:109,(anonymous_7)
FN:119,(anonymous_8)
FN:126,(anonymous_9)
FN:146,(anonymous_10)
FN:149,(anonymous_11)
FN:155,(anonymous_12)
FNF:13
FNH:10
FNDA:96,Auth
FNDA:289,(anonymous_1)
FNDA:5,(anonymous_2)
FNDA:5,reset
FNDA:3,submit
FNDA:52,(anonymous_5)
FNDA:7,(anonymous_6)
FNDA:24,(anonymous_7)
FNDA:0,(anonymous_8)
FNDA:2,(anonymous_9)
FNDA:2,(anonymous_10)
FNDA:0,(anonymous_11)
FNDA:0,(anonymous_12)
DA:8,96
DA:9,96
DA:10,96
DA:11,96
DA:12,96
DA:13,96
DA:14,96
DA:15,96
DA:16,96
DA:17,289
DA:19,96
DA:20,5
DA:21,5
DA:22,5
DA:23,5
DA:24,0
DA:25,0
DA:26,0
DA:28,0
DA:32,5
DA:35,3
DA:36,3
DA:37,3
DA:38,3
DA:39,3
DA:40,2
DA:41,1
DA:42,1
DA:43,1
DA:44,0
DA:45,0
DA:46,0
DA:47,0
DA:48,0
DA:49,0
DA:50,0
DA:51,0
DA:52,0
DA:53,0
DA:54,0
DA:57,2
DA:59,3
DA:63,96
DA:70,96
DA:77,96
DA:89,52
DA:99,7
DA:109,24
DA:119,0
DA:127,2
DA:146,2
DA:149,0
DA:155,0
LF:53
LH:35
BRDA:23,0,0,0
BRDA:23,0,1,5
BRDA:23,1,0,5
BRDA:23,1,1,0
BRDA:39,2,0,2
BRDA:39,2,1,1
BRDA:42,3,0,1
BRDA:42,3,1,0
BRDA:45,4,0,0
BRDA:45,4,1,0
BRDA:48,5,0,0
BRDA:48,5,1,0
BRDA:57,6,0,2
BRDA:57,6,1,0
BRDA:84,7,0,96
BRDA:84,7,1,96
BRDA:94,8,0,96
BRDA:94,8,1,39
BRDA:104,9,0,96
BRDA:104,9,1,39
BRDA:104,9,2,96
BRDA:114,10,0,96
BRDA:114,10,1,0
BRDA:124,11,0,96
BRDA:124,11,1,2
BRDA:131,12,0,96
BRDA:131,12,1,0
BRDA:137,13,0,3
BRDA:137,13,1,93
BRDA:142,14,0,96
BRDA:142,14,1,57
BRDA:151,15,0,96
BRDA:151,15,1,57
BRDA:151,15,2,57
BRDA:151,15,3,39
BRF:35
BRH:25
end_of_record
